This file contains any messages produced by compilers while
running configure, to aid debugging if configure makes a mistake.

It was created by asio configure 1.28.0, which was
generated by GNU Autoconf 2.71.  Invocation command line was

  $ ./configure

## --------- ##
## Platform. ##
## --------- ##

hostname = Eric
uname -m = x86_64
uname -r = 3.3.5-341.x86_64
uname -s = MINGW64_NT-10.0-22621
uname -v = 2022-07-08 09:41 UTC

/usr/bin/uname -p = unknown
/bin/uname -X     = unknown

/bin/arch              = x86_64
/usr/bin/arch -k       = unknown
/usr/convex/getsysinfo = unknown
/usr/bin/hostinfo      = unknown
/bin/machine           = unknown
/usr/bin/oslevel       = unknown
/bin/universe          = unknown

PATH: /c/Users/myfav/bin/
PATH: /mingw64/bin/
PATH: /usr/local/bin/
PATH: /usr/bin/
PATH: /bin/
PATH: /mingw64/bin/
PATH: /usr/bin/
PATH: /c/Users/myfav/bin/
PATH: /c/Program Files/Microsoft/jdk-17.0.9.8-hotspot/bin/
PATH: /usr/bin/
PATH: /c/Python310/Scripts/
PATH: /c/Python310/
PATH: /c/Windows/system32/
PATH: /c/Windows/
PATH: /c/Windows/System32/Wbem/
PATH: /c/Windows/System32/WindowsPowerShell/v1.0/
PATH: /c/Windows/System32/OpenSSH/
PATH: /c/Program Files (x86)/NVIDIA Corporation/PhysX/Common/
PATH: /c/Program Files/NVIDIA Corporation/NVIDIA NvDLISR/
PATH: /cmd/
PATH: /mingw64/bin/
PATH: /c/ProgramData/chocolatey/bin/
PATH: /c/Program Files (x86)/Windows Kits/10/Windows Performance Toolkit/
PATH: /c/Program Files/Neovim/bin/
PATH: /c/WINDOWS/system32/
PATH: /c/WINDOWS/
PATH: /c/WINDOWS/System32/Wbem/
PATH: /c/WINDOWS/System32/WindowsPowerShell/v1.0/
PATH: /c/WINDOWS/System32/OpenSSH/
PATH: /c/Program Files/PuTTY/
PATH: /c/jdk-16.0.2/bin/
PATH: /c/Program Files/WorldPainter/
PATH: /c/Program Files (x86)/GTK2-Runtime/bin/
PATH: /c/Program Files/nodejs/
PATH: /c/Program Files/dotnet/
PATH: /c/Ruby31-x64/bin/
PATH: /c/Users/myfav/.cargo/bin/
PATH: /c/Users/myfav/AppData/Local/Microsoft/WindowsApps/
PATH: /c/Users/myfav/AppData/Local/Programs/Microsoft VS Code/bin/
PATH: /c/Program Files/CMake/bin/
PATH: /c/bin/
PATH: /c/Program Files/qemu/
PATH: /c/Users/myfav/AppData/Local/JetBrains/Toolbox/scripts/
PATH: /c/Users/myfav/AppData/Local/Microsoft/WindowsApps/
PATH: /c/Users/myfav/.dotnet/tools/
PATH: /c/maven/bin/
PATH: /c/ghcup/bin/
PATH: /c/cabal/bin/
PATH: /c/Users/myfav/.deno/bin/
PATH: /c/Users/myfav/.aftman/bin/
PATH: /c/Users/myfav/.dotnet/tools/
PATH: /c/Users/myfav/AppData/Roaming/npm/
PATH: /c/msys64/ucrt64/bin/
PATH: /c/MinGW/bin/
PATH: /c/i686-elf-tools/bin/
PATH: /c/Program Files/git/usr/bin/
PATH: /c/jdk-16.0.2/
PATH: /c/openocd/bin/
PATH: /c/msys64/usr/bin/
PATH: /usr/bin/vendor_perl/
PATH: /usr/bin/core_perl/


## ----------- ##
## Core tests. ##
## ----------- ##

configure:2491: looking for aux files: compile config.guess config.sub missing install-sh
configure:2504:  trying ./
configure:2533:   ./compile found
configure:2533:   ./config.guess found
configure:2533:   ./config.sub found
configure:2533:   ./missing found
configure:2515:   ./install-sh found
configure:2646: checking whether to enable maintainer-specific portions of Makefiles
configure:2656: result: no
configure:2687: checking for a BSD-compatible install
configure:2760: result: /usr/bin/install -c
configure:2771: checking whether build environment is sane
configure:2826: result: yes
configure:2985: checking for a race-free mkdir -p
configure:3029: result: /usr/bin/mkdir -p
configure:3036: checking for gawk
configure:3057: found /usr/bin/gawk
configure:3068: result: gawk
configure:3079: checking whether make sets $(MAKE)
configure:3102: result: yes
configure:3132: checking whether make supports nested variables
configure:3150: result: yes
configure:3225: checking how to create a pax tar archive
configure:3236: tar --version
tar (GNU tar) 1.34
Copyright (C) 2021 Free Software Foundation, Inc.
License GPLv3+: GNU GPL version 3 or later <https://gnu.org/licenses/gpl.html>.
This is free software: you are free to change and redistribute it.
There is NO WARRANTY, to the extent permitted by law.

Written by John Gilmore and Jay Fenlason.
configure:3239: $? = 0
configure:3279: tardir=conftest.dir && eval tar --format=posix -chf - "$tardir" >conftest.tar
configure:3282: $? = 0
configure:3286: tar -xf - <conftest.tar
configure:3289: $? = 0
configure:3291: cat conftest.dir/file
GrepMe
configure:3294: $? = 0
configure:3308: result: gnutar
configure:3379: checking build system type
configure:3394: result: x86_64-pc-mingw64
configure:3414: checking host system type
configure:3428: result: x86_64-pc-mingw64
configure:3461: checking whether make supports the include directive
configure:3476: make -f confmf.GNU && cat confinc.out
this is the am__doit target
configure:3479: $? = 0
configure:3498: result: yes (GNU style)
configure:3574: checking for gcc
configure:3595: found /c/msys64/ucrt64/bin/gcc
configure:3606: result: gcc
configure:3959: checking for C compiler version
configure:3968: gcc --version >&5
gcc.exe (Rev7, Built by MSYS2 project) 13.1.0
Copyright (C) 2023 Free Software Foundation, Inc.
This is free software; see the source for copying conditions.  There is NO
warranty; not even for MERCHANTABILITY or FITNESS FOR A PARTICULAR PURPOSE.

configure:3979: $? = 0
configure:3968: gcc -v >&5
Using built-in specs.
COLLECT_GCC=C:\msys64\ucrt64\bin\gcc.exe
COLLECT_LTO_WRAPPER=C:/msys64/ucrt64/bin/../lib/gcc/x86_64-w64-mingw32/13.1.0/lto-wrapper.exe
Target: x86_64-w64-mingw32
Configured with: ../gcc-13.1.0/configure --prefix=/ucrt64 --with-local-prefix=/ucrt64/local --build=x86_64-w64-mingw32 --host=x86_64-w64-mingw32 --target=x86_64-w64-mingw32 --with-native-system-header-dir=/ucrt64/include --libexecdir=/ucrt64/lib --enable-bootstrap --enable-checking=release --with-arch=nocona --with-tune=generic --enable-languages=c,lto,c++,fortran,ada,objc,obj-c++,jit --enable-shared --enable-static --enable-libatomic --enable-threads=posix --enable-graphite --enable-fully-dynamic-string --enable-libstdcxx-filesystem-ts --enable-libstdcxx-time --disable-libstdcxx-pch --enable-lto --enable-libgomp --disable-libssp --disable-multilib --disable-rpath --disable-win32-registry --disable-nls --disable-werror --disable-symvers --with-libiconv --with-system-zlib --with-gmp=/ucrt64 --with-mpfr=/ucrt64 --with-mpc=/ucrt64 --with-isl=/ucrt64 --with-pkgversion='Rev7, Built by MSYS2 project' --with-bugurl=https://github.com/msys2/MINGW-packages/issues --with-gnu-as --with-gnu-ld --disable-libstdcxx-debug --with-boot-ldflags=-static-libstdc++ --with-stage1-ldflags=-static-libstdc++
Thread model: posix
Supported LTO compression algorithms: zlib zstd
gcc version 13.1.0 (Rev7, Built by MSYS2 project) 
configure:3979: $? = 0
configure:3968: gcc -V >&5
gcc.exe: error: unrecognized command-line option '-V'
gcc.exe: fatal error: no input files
compilation terminated.
configure:3979: $? = 1
configure:3968: gcc -qversion >&5
gcc.exe: error: unrecognized command-line option '-qversion'; did you mean '--version'?
gcc.exe: fatal error: no input files
compilation terminated.
configure:3979: $? = 1
configure:3968: gcc -version >&5
gcc.exe: error: unrecognized command-line option '-version'
gcc.exe: fatal error: no input files
compilation terminated.
configure:3979: $? = 1
configure:3999: checking whether the C compiler works
configure:4021: gcc    conftest.c  >&5
configure:4025: $? = 0
configure:4075: result: yes
configure:4078: checking for C compiler default output file name
configure:4080: result: a.exe
configure:4086: checking for suffix of executables
configure:4093: gcc -o conftest.exe    conftest.c  >&5
configure:4097: $? = 0
configure:4120: result: .exe
configure:4142: checking whether we are cross compiling
configure:4150: gcc -o conftest.exe    conftest.c  >&5
configure:4154: $? = 0
configure:4161: ./conftest.exe
configure:4165: $? = 0
configure:4180: result: no
configure:4185: checking for suffix of object files
configure:4208: gcc -c   conftest.c >&5
configure:4212: $? = 0
configure:4234: result: o
configure:4238: checking whether the compiler supports GNU C
configure:4258: gcc -c   conftest.c >&5
configure:4258: $? = 0
configure:4268: result: yes
configure:4279: checking whether gcc accepts -g
configure:4300: gcc -c -g  conftest.c >&5
configure:4300: $? = 0
configure:4344: result: yes
configure:4364: checking for gcc option to enable C11 features
configure:4379: gcc  -c -g -O2  conftest.c >&5
configure:4379: $? = 0
configure:4397: result: none needed
configure:4513: checking whether gcc understands -c and -o together
configure:4536: gcc -c conftest.c -o conftest2.o
configure:4539: $? = 0
configure:4536: gcc -c conftest.c -o conftest2.o
configure:4539: $? = 0
configure:4551: result: yes
configure:4570: checking dependency style of gcc
configure:4682: result: gcc3
configure:4767: checking for g++
configure:4788: found /c/msys64/ucrt64/bin/g++
configure:4799: result: g++
configure:4826: checking for C++ compiler version
configure:4835: g++ --version >&5
g++.exe (Rev7, Built by MSYS2 project) 13.1.0
Copyright (C) 2023 Free Software Foundation, Inc.
This is free software; see the source for copying conditions.  There is NO
warranty; not even for MERCHANTABILITY or FITNESS FOR A PARTICULAR PURPOSE.

configure:4846: $? = 0
configure:4835: g++ -v >&5
Using built-in specs.
COLLECT_GCC=C:\msys64\ucrt64\bin\g++.exe
COLLECT_LTO_WRAPPER=C:/msys64/ucrt64/bin/../lib/gcc/x86_64-w64-mingw32/13.1.0/lto-wrapper.exe
Target: x86_64-w64-mingw32
Configured with: ../gcc-13.1.0/configure --prefix=/ucrt64 --with-local-prefix=/ucrt64/local --build=x86_64-w64-mingw32 --host=x86_64-w64-mingw32 --target=x86_64-w64-mingw32 --with-native-system-header-dir=/ucrt64/include --libexecdir=/ucrt64/lib --enable-bootstrap --enable-checking=release --with-arch=nocona --with-tune=generic --enable-languages=c,lto,c++,fortran,ada,objc,obj-c++,jit --enable-shared --enable-static --enable-libatomic --enable-threads=posix --enable-graphite --enable-fully-dynamic-string --enable-libstdcxx-filesystem-ts --enable-libstdcxx-time --disable-libstdcxx-pch --enable-lto --enable-libgomp --disable-libssp --disable-multilib --disable-rpath --disable-win32-registry --disable-nls --disable-werror --disable-symvers --with-libiconv --with-system-zlib --with-gmp=/ucrt64 --with-mpfr=/ucrt64 --with-mpc=/ucrt64 --with-isl=/ucrt64 --with-pkgversion='Rev7, Built by MSYS2 project' --with-bugurl=https://github.com/msys2/MINGW-packages/issues --with-gnu-as --with-gnu-ld --disable-libstdcxx-debug --with-boot-ldflags=-static-libstdc++ --with-stage1-ldflags=-static-libstdc++
Thread model: posix
Supported LTO compression algorithms: zlib zstd
gcc version 13.1.0 (Rev7, Built by MSYS2 project) 
configure:4846: $? = 0
configure:4835: g++ -V >&5
g++.exe: error: unrecognized command-line option '-V'
g++.exe: fatal error: no input files
compilation terminated.
configure:4846: $? = 1
configure:4835: g++ -qversion >&5
g++.exe: error: unrecognized command-line option '-qversion'; did you mean '--version'?
g++.exe: fatal error: no input files
compilation terminated.
configure:4846: $? = 1
configure:4850: checking whether the compiler supports GNU C++
configure:4870: g++ -c   conftest.cpp >&5
configure:4870: $? = 0
configure:4880: result: yes
configure:4891: checking whether g++ accepts -g
configure:4912: g++ -c -g  conftest.cpp >&5
configure:4912: $? = 0
configure:4956: result: yes
configure:4976: checking for g++ option to enable C++11 features
configure:4991: g++  -c -g -O2  conftest.cpp >&5
conftest.cpp: In function 'int main(int, char**)':
conftest.cpp:177:25: warning: empty parentheses were disambiguated as a function declaration [-Wvexing-parse]
  177 |   cxx11test::delegate d2();
      |                         ^~
conftest.cpp:177:25: note: remove parentheses to default-initialize a variable
  177 |   cxx11test::delegate d2();
      |                         ^~
      |                         --
conftest.cpp:177:25: note: or replace parentheses with braces to value-initialize a variable
configure:4991: $? = 0
configure:5009: result: none needed
configure:5075: checking dependency style of g++
configure:5187: result: gcc3
configure:5256: checking for ranlib
configure:5277: found /c/msys64/ucrt64/bin/ranlib
configure:5288: result: ranlib
configure:5428: checking for openssl/ssl.h
configure:5428: g++ -c -g -O2  conftest.cpp >&5
configure:5428: $? = 0
configure:5428: result: yes
configure:5515: checking whether C++11 is enabled
configure:5530: g++ -c -g -O2 -mthreads -ftemplate-depth-256  -DASIO_STANDALONE conftest.cpp >&5
configure:5530: $? = 0
configure:5532: result: yes
configure:5542: checking whether C++14 is enabled
configure:5562: g++ -c -g -O2 -mthreads -ftemplate-depth-256  -DASIO_STANDALONE conftest.cpp >&5
configure:5562: $? = 0
configure:5564: result: yes
configure:5574: checking whether C++17 is enabled
configure:5589: g++ -c -g -O2 -mthreads -ftemplate-depth-256  -DASIO_STANDALONE conftest.cpp >&5
configure:5589: $? = 0
configure:5591: result: yes
configure:5601: checking whether C++20 is enabled
configure:5616: g++ -c -g -O2 -mthreads -ftemplate-depth-256  -DASIO_STANDALONE conftest.cpp >&5
conftest.cpp:13:6: error: #error C++20 not available
   13 |     #error C++20 not available
      |      ^~~~~
configure:5616: $? = 1
configure: failed program was:
| /* confdefs.h */
| #define PACKAGE_NAME "asio"
| #define PACKAGE_TARNAME "asio"
| #define PACKAGE_VERSION "1.28.0"
| #define PACKAGE_STRING "asio 1.28.0"
| #define PACKAGE_BUGREPORT ""
| #define PACKAGE_URL ""
| #define PACKAGE "asio"
| #define VERSION "1.28.0"
| #define _REENTRANT 1
| /* end confdefs.h.  */
| #if __cplusplus < 202002L
|     #error C++20 not available
|     #endif
| int
| main (void)
| {
| 
|   ;
|   return 0;
| }
configure:5622: result: no
configure:5628: checking whether coroutines are enabled
configure:5668: g++ -c -g -O2 -mthreads -ftemplate-depth-256  -DASIO_STANDALONE conftest.cpp >&5
conftest.cpp:38:7: error: #error coroutines not available
   38 |     # error coroutines not available
      |       ^~~~~
configure:5668: $? = 1
configure: failed program was:
| /* confdefs.h */
| #define PACKAGE_NAME "asio"
| #define PACKAGE_TARNAME "asio"
| #define PACKAGE_VERSION "1.28.0"
| #define PACKAGE_STRING "asio 1.28.0"
| #define PACKAGE_BUGREPORT ""
| #define PACKAGE_URL ""
| #define PACKAGE "asio"
| #define VERSION "1.28.0"
| #define _REENTRANT 1
| /* end confdefs.h.  */
| #if defined(__clang__)
|     # if (__clang_major__ >= 14)
|     #  if (__cplusplus >= 202002) && (__cpp_impl_coroutine >= 201902)
|     #   if __has_include(<coroutine>)
|     #    define ASIO_HAS_CO_AWAIT 1
|     #   endif
|     #  elif (__cplusplus >= 201703) && (__cpp_coroutines >= 201703)
|     #   if __has_include(<experimental/coroutine>)
|     #    define ASIO_HAS_CO_AWAIT 1
|     #   endif
|     #  endif
|     # else
|     #  if (__cplusplus >= 201703) && (__cpp_coroutines >= 201703)
|     #   if __has_include(<experimental/coroutine>)
|     #    define ASIO_HAS_CO_AWAIT 1
|     #   endif
|     #  endif
|     # endif
|     #elif defined(__GNUC__)
|     # if (__cplusplus >= 201709) && (__cpp_impl_coroutine >= 201902)
|     #  if __has_include(<coroutine>)
|     #   define ASIO_HAS_CO_AWAIT 1
|     #  endif
|     # endif
|     #endif
|     #ifndef ASIO_HAS_CO_AWAIT
|     # error coroutines not available
|     #endif
| int
| main (void)
| {
| 
|   ;
|   return 0;
| }
configure:5674: result: no
configure:5924: checking that generated files are newer than configure
configure:5930: result: done
configure:5997: creating ./config.status

## ---------------------- ##
## Running config.status. ##
## ---------------------- ##

This file was extended by asio config.status 1.28.0, which was
generated by GNU Autoconf 2.71.  Invocation command line was

  CONFIG_FILES    = 
  CONFIG_HEADERS  = 
  CONFIG_LINKS    = 
  CONFIG_COMMANDS = 
  $ ./config.status 

on Eric

config.status:818: creating asio.pc
config.status:818: creating Makefile
config.status:818: creating include/Makefile
config.status:818: creating src/Makefile
config.status:818: creating src/tests/Makefile
config.status:818: creating src/tests/properties/Makefile
config.status:818: creating src/examples/cpp03/Makefile
config.status:818: creating src/examples/cpp11/Makefile
config.status:818: creating src/examples/cpp14/Makefile
config.status:818: creating src/examples/cpp17/Makefile
config.status:818: creating src/examples/cpp20/Makefile
config.status:990: executing depfiles commands
config.status:1067: cd src/tests       && sed -e '/# am--include-marker/d' Makefile         | make -f - am--depfiles
config.status:1072: $? = 0
config.status:1067: cd src/tests/properties       && sed -e '/# am--include-marker/d' Makefile         | make -f - am--depfiles
config.status:1072: $? = 0
config.status:1067: cd src/examples/cpp03       && sed -e '/# am--include-marker/d' Makefile         | make -f - am--depfiles
config.status:1072: $? = 0
config.status:1067: cd src/examples/cpp11       && sed -e '/# am--include-marker/d' Makefile         | make -f - am--depfiles
config.status:1072: $? = 0
config.status:1067: cd src/examples/cpp14       && sed -e '/# am--include-marker/d' Makefile         | make -f - am--depfiles
config.status:1072: $? = 0
config.status:1067: cd src/examples/cpp17       && sed -e '/# am--include-marker/d' Makefile         | make -f - am--depfiles
config.status:1072: $? = 0
config.status:1067: cd src/examples/cpp20       && sed -e '/# am--include-marker/d' Makefile         | make -f - am--depfiles
config.status:1072: $? = 0

## ---------------- ##
## Cache variables. ##
## ---------------- ##

ac_cv_build=x86_64-pc-mingw64
ac_cv_c_compiler_gnu=yes
ac_cv_cxx_compiler_gnu=yes
ac_cv_env_CCC_set=
ac_cv_env_CCC_value=
ac_cv_env_CC_set=
ac_cv_env_CC_value=
ac_cv_env_CFLAGS_set=
ac_cv_env_CFLAGS_value=
ac_cv_env_CPPFLAGS_set=
ac_cv_env_CPPFLAGS_value=
ac_cv_env_CXXFLAGS_set=
ac_cv_env_CXXFLAGS_value=
ac_cv_env_CXX_set=
ac_cv_env_CXX_value=
ac_cv_env_LDFLAGS_set=
ac_cv_env_LDFLAGS_value=
ac_cv_env_LIBS_set=
ac_cv_env_LIBS_value=
ac_cv_env_build_alias_set=
ac_cv_env_build_alias_value=
ac_cv_env_host_alias_set=
ac_cv_env_host_alias_value=
ac_cv_env_target_alias_set=
ac_cv_env_target_alias_value=
ac_cv_exeext=.exe
ac_cv_header_openssl_ssl_h=yes
ac_cv_host=x86_64-pc-mingw64
ac_cv_objext=o
ac_cv_path_install='/usr/bin/install -c'
ac_cv_path_mkdir=/usr/bin/mkdir
ac_cv_prog_AWK=gawk
ac_cv_prog_ac_ct_CC=gcc
ac_cv_prog_ac_ct_CXX=g++
ac_cv_prog_ac_ct_RANLIB=ranlib
ac_cv_prog_cc_c11=
ac_cv_prog_cc_g=yes
ac_cv_prog_cc_stdc=
ac_cv_prog_cxx_11=no
ac_cv_prog_cxx_cxx11=
ac_cv_prog_cxx_g=yes
ac_cv_prog_cxx_stdcxx=
ac_cv_prog_make_make_set=yes
am_cv_CC_dependencies_compiler_type=gcc3
am_cv_CXX_dependencies_compiler_type=gcc3
am_cv_make_support_nested_variables=yes
am_cv_prog_cc_c_o=yes
am_cv_prog_tar_pax=gnutar

## ----------------- ##
## Output variables. ##
## ----------------- ##

ACLOCAL='${SHELL} '\''/c/users/myfav/Desktop/wild/lib/asio-1.28.0/missing'\'' aclocal-1.16'
AMDEPBACKSLASH='\'
AMDEP_FALSE='#'
AMDEP_TRUE=''
AMTAR='$${TAR-tar}'
AM_BACKSLASH='\'
AM_DEFAULT_V='$(AM_DEFAULT_VERBOSITY)'
AM_DEFAULT_VERBOSITY='1'
AM_V='$(V)'
AUTOCONF='${SHELL} '\''/c/users/myfav/Desktop/wild/lib/asio-1.28.0/missing'\'' autoconf'
AUTOHEADER='${SHELL} '\''/c/users/myfav/Desktop/wild/lib/asio-1.28.0/missing'\'' autoheader'
AUTOMAKE='${SHELL} '\''/c/users/myfav/Desktop/wild/lib/asio-1.28.0/missing'\'' automake-1.16'
AWK='gawk'
CC='gcc'
CCDEPMODE='depmode=gcc3'
CFLAGS='-g -O2'
CPPFLAGS=' -DASIO_STANDALONE'
CSCOPE='cscope'
CTAGS='ctags'
CXX='g++'
CXXDEPMODE='depmode=gcc3'
CXXFLAGS='-g -O2 -mthreads -ftemplate-depth-256'
CYGPATH_W='cygpath -w'
DEFS='-DPACKAGE_NAME=\"asio\" -DPACKAGE_TARNAME=\"asio\" -DPACKAGE_VERSION=\"1.28.0\" -DPACKAGE_STRING=\"asio\ 1.28.0\" -DPACKAGE_BUGREPORT=\"\" -DPACKAGE_URL=\"\" -DPACKAGE=\"asio\" -DVERSION=\"1.28.0\" -D_REENTRANT=1'
DEPDIR='.deps'
ECHO_C=''
ECHO_N='-n'
ECHO_T=''
ETAGS='etags'
EXEEXT='.exe'
HAVE_BOOST_COROUTINE_FALSE=''
HAVE_BOOST_COROUTINE_TRUE='#'
HAVE_COROUTINES_FALSE=''
HAVE_COROUTINES_TRUE='#'
HAVE_CXX11_FALSE='#'
HAVE_CXX11_TRUE=''
HAVE_CXX14_FALSE='#'
HAVE_CXX14_TRUE=''
HAVE_CXX17_FALSE='#'
HAVE_CXX17_TRUE=''
HAVE_CXX20_FALSE=''
HAVE_CXX20_TRUE='#'
HAVE_OPENSSL_FALSE='#'
HAVE_OPENSSL_TRUE=''
INSTALL_DATA='${INSTALL} -m 644'
INSTALL_PROGRAM='${INSTALL}'
INSTALL_SCRIPT='${INSTALL}'
INSTALL_STRIP_PROGRAM='$(install_sh) -c -s'
LDFLAGS=' -mthreads'
LIBOBJS=''
LIBS=' -lssl -lcrypto -lws2_32 -lmswsock'
LTLIBOBJS=''
MAINT='#'
MAINTAINER_MODE_FALSE=''
MAINTAINER_MODE_TRUE='#'
MAKEINFO='${SHELL} '\''/c/users/myfav/Desktop/wild/lib/asio-1.28.0/missing'\'' makeinfo'
MKDIR_P='/usr/bin/mkdir -p'
OBJEXT='o'
PACKAGE='asio'
PACKAGE_BUGREPORT=''
PACKAGE_NAME='asio'
PACKAGE_STRING='asio 1.28.0'
PACKAGE_TARNAME='asio'
PACKAGE_URL=''
PACKAGE_VERSION='1.28.0'
PATH_SEPARATOR=':'
RANLIB='ranlib'
SEPARATE_COMPILATION_FALSE=''
SEPARATE_COMPILATION_TRUE='#'
SET_MAKE=''
SHELL='/bin/sh'
STANDALONE_FALSE='#'
STANDALONE_TRUE=''
STRIP=''
VERSION='1.28.0'
WINDOWS_TARGET_FALSE='#'
WINDOWS_TARGET_TRUE=''
ac_ct_CC='gcc'
ac_ct_CXX='g++'
am__EXEEXT_FALSE='#'
am__EXEEXT_TRUE=''
am__fastdepCC_FALSE='#'
am__fastdepCC_TRUE=''
am__fastdepCXX_FALSE='#'
am__fastdepCXX_TRUE=''
am__include='include'
am__isrc=''
am__leading_dot='.'
am__nodep='_no'
am__quote=''
am__tar='tar --format=posix -chf - "$$tardir"'
am__untar='tar -xf -'
bindir='${exec_prefix}/bin'
build='x86_64-pc-mingw64'
build_alias=''
build_cpu='x86_64'
build_os='mingw64'
build_vendor='pc'
datadir='${datarootdir}'
datarootdir='${prefix}/share'
docdir='${datarootdir}/doc/${PACKAGE_TARNAME}'
dvidir='${docdir}'
exec_prefix='${prefix}'
host='x86_64-pc-mingw64'
host_alias=''
host_cpu='x86_64'
host_os='mingw64'
host_vendor='pc'
htmldir='${docdir}'
includedir='${prefix}/include'
infodir='${datarootdir}/info'
install_sh='${SHELL} /c/users/myfav/Desktop/wild/lib/asio-1.28.0/install-sh'
libdir='${exec_prefix}/lib'
libexecdir='${exec_prefix}/libexec'
localedir='${datarootdir}/locale'
localstatedir='${prefix}/var'
mandir='${datarootdir}/man'
mkdir_p='$(MKDIR_P)'
oldincludedir='/usr/include'
pdfdir='${docdir}'
pkgconfigdir='${libdir}/pkgconfig'
prefix='/usr/local'
program_transform_name='s,x,x,'
psdir='${docdir}'
runstatedir='${localstatedir}/run'
sbindir='${exec_prefix}/sbin'
sharedstatedir='${prefix}/com'
sysconfdir='${prefix}/etc'
target_alias=''

## ----------- ##
## confdefs.h. ##
## ----------- ##

/* confdefs.h */
#define PACKAGE_NAME "asio"
#define PACKAGE_TARNAME "asio"
#define PACKAGE_VERSION "1.28.0"
#define PACKAGE_STRING "asio 1.28.0"
#define PACKAGE_BUGREPORT ""
#define PACKAGE_URL ""
#define PACKAGE "asio"
#define VERSION "1.28.0"
#define _REENTRANT 1

configure: exit 0
